
  .   ____          _            __ _ _
 /\\ / ___'_ __ _ _(_)_ __  __ _ \ \ \ \
( ( )\___ | '_ | '_| | '_ \/ _` | \ \ \ \
 \\/  ___)| |_)| | | | | || (_| |  ) ) ) )
  '  |____| .__|_| |_|_| |_\__, | / / / /
 =========|_|==============|___/=/_/_/_/

 :: Spring Boot ::                (v3.5.7)

2025-12-07T16:22:22.070-06:00  INFO 23006 --- [ms-business-products] [           main] c.m.d.s.m.p.ProductsSpringBootApp        : Starting ProductsSpringBootApp v0.0.1-SNAPSHOT using Java 24.0.1 with PID 23006 (/Users/josesaidolanogarcia/REPOSITORIOS/AlgoritmoModulo05/MICROSERVICES/MiSegundoMicroservicio/ms-business-products/target/ms-business-products-0.0.1-SNAPSHOT.jar started by josesaidolanogarcia in /Users/josesaidolanogarcia/REPOSITORIOS/AlgoritmoModulo05/MICROSERVICES/MiSegundoMicroservicio)
2025-12-07T16:22:22.071-06:00  INFO 23006 --- [ms-business-products] [           main] c.m.d.s.m.p.ProductsSpringBootApp        : No active profile set, falling back to 1 default profile: "default"
2025-12-07T16:22:22.532-06:00  INFO 23006 --- [ms-business-products] [           main] .s.d.r.c.RepositoryConfigurationDelegate : Bootstrapping Spring Data JPA repositories in DEFAULT mode.
2025-12-07T16:22:22.564-06:00  INFO 23006 --- [ms-business-products] [           main] .s.d.r.c.RepositoryConfigurationDelegate : Finished Spring Data repository scanning in 27 ms. Found 1 JPA repository interface.
2025-12-07T16:22:22.807-06:00  INFO 23006 --- [ms-business-products] [           main] o.s.b.w.embedded.tomcat.TomcatWebServer  : Tomcat initialized with port 8081 (http)
2025-12-07T16:22:22.813-06:00  INFO 23006 --- [ms-business-products] [           main] o.apache.catalina.core.StandardService   : Starting service [Tomcat]
2025-12-07T16:22:22.814-06:00  INFO 23006 --- [ms-business-products] [           main] o.apache.catalina.core.StandardEngine    : Starting Servlet engine: [Apache Tomcat/10.1.48]
2025-12-07T16:22:22.828-06:00  INFO 23006 --- [ms-business-products] [           main] o.a.c.c.C.[Tomcat].[localhost].[/]       : Initializing Spring embedded WebApplicationContext
2025-12-07T16:22:22.829-06:00  INFO 23006 --- [ms-business-products] [           main] w.s.c.ServletWebServerApplicationContext : Root WebApplicationContext: initialization completed in 729 ms
2025-12-07T16:22:22.954-06:00  INFO 23006 --- [ms-business-products] [           main] com.zaxxer.hikari.HikariDataSource       : HikariPool-1 - Starting...
2025-12-07T16:22:23.070-06:00  INFO 23006 --- [ms-business-products] [           main] com.zaxxer.hikari.pool.HikariPool        : HikariPool-1 - Added connection conn0: url=jdbc:h2:mem:fae4ecc9-be50-4338-a31b-5fc305abebe8 user=SA
2025-12-07T16:22:23.071-06:00  INFO 23006 --- [ms-business-products] [           main] com.zaxxer.hikari.HikariDataSource       : HikariPool-1 - Start completed.
2025-12-07T16:22:23.097-06:00  INFO 23006 --- [ms-business-products] [           main] o.hibernate.jpa.internal.util.LogHelper  : HHH000204: Processing PersistenceUnitInfo [name: default]
2025-12-07T16:22:23.123-06:00  INFO 23006 --- [ms-business-products] [           main] org.hibernate.Version                    : HHH000412: Hibernate ORM core version 6.6.33.Final
2025-12-07T16:22:23.139-06:00  INFO 23006 --- [ms-business-products] [           main] o.h.c.internal.RegionFactoryInitiator    : HHH000026: Second-level cache disabled
2025-12-07T16:22:23.263-06:00  INFO 23006 --- [ms-business-products] [           main] o.s.o.j.p.SpringPersistenceUnitInfo      : No LoadTimeWeaver setup: ignoring JPA class transformer
2025-12-07T16:22:23.296-06:00  INFO 23006 --- [ms-business-products] [           main] org.hibernate.orm.connections.pooling    : HHH10001005: Database info:
	Database JDBC URL [Connecting through datasource 'HikariDataSource (HikariPool-1)']
	Database driver: undefined/unknown
	Database version: 2.3.232
	Autocommit mode: undefined/unknown
	Isolation level: undefined/unknown
	Minimum pool size: undefined/unknown
	Maximum pool size: undefined/unknown
2025-12-07T16:22:23.607-06:00  INFO 23006 --- [ms-business-products] [           main] o.h.e.t.j.p.i.JtaPlatformInitiator       : HHH000489: No JTA platform available (set 'hibernate.transaction.jta.platform' to enable JTA platform integration)
2025-12-07T16:22:23.627-06:00  INFO 23006 --- [ms-business-products] [           main] j.LocalContainerEntityManagerFactoryBean : Initialized JPA EntityManagerFactory for persistence unit 'default'
2025-12-07T16:22:23.771-06:00  INFO 23006 --- [ms-business-products] [           main] c.m.d.s.m.p.service.ProductService       : ProductService instance created
2025-12-07T16:22:23.783-06:00  WARN 23006 --- [ms-business-products] [           main] JpaBaseConfiguration$JpaWebConfiguration : spring.jpa.open-in-view is enabled by default. Therefore, database queries may be performed during view rendering. Explicitly configure spring.jpa.open-in-view to disable this warning
2025-12-07T16:22:23.956-06:00  INFO 23006 --- [ms-business-products] [           main] o.s.b.a.e.web.EndpointLinksResolver      : Exposing 1 endpoint beneath base path '/actuator'
2025-12-07T16:22:23.993-06:00  INFO 23006 --- [ms-business-products] [           main] o.s.b.w.embedded.tomcat.TomcatWebServer  : Tomcat started on port 8081 (http) with context path '/'
2025-12-07T16:22:24.000-06:00  INFO 23006 --- [ms-business-products] [           main] c.m.d.s.m.p.ProductsSpringBootApp        : Started ProductsSpringBootApp in 2.113 seconds (process running for 2.317)
2025-12-07T16:22:24.079-06:00  INFO 23006 --- [ms-business-products] [           main] .m.p.c.InsertIntoDBRowsCommandLineRunner : productCreated: ProductEntity(id=1, name=Tennis Jordan 34 rojo, description=Tennis Jordan 34 Blanco con Rojo, price=USD$100, status=ACTIVE, createdAt=null, updatedAt=null)
2025-12-07T16:22:24.080-06:00  INFO 23006 --- [ms-business-products] [           main] .m.p.c.InsertIntoDBRowsCommandLineRunner : productCreated2: ProductEntity(id=2, name=Tennis Jordan 34 negro, description=Tennis Jordan 34 Blanco con Negro, price=USD$110, status=INACTIVE, createdAt=null, updatedAt=null)
2025-12-07T16:22:24.081-06:00  INFO 23006 --- [ms-business-products] [           main] .m.p.c.InsertIntoDBRowsCommandLineRunner : productCreated3: ProductEntity(id=3, name=Tennis Jordan 34 amarillo, description=Tennis Jordan 34 Blanco con Amarillo, price=USD$120, status=INACTIVE, createdAt=null, updatedAt=null)
2025-12-07T16:22:24.118-06:00  INFO 23006 --- [ms-business-products] [           main] .m.p.c.InsertIntoDBRowsCommandLineRunner : Now at the database are: 3 products saved
